48.0 APEX_CODE,FINEST;APEX_PROFILING,INFO;CALLOUT,INFO;DB,INFO;NBA,INFO;SYSTEM,DEBUG;VALIDATION,INFO;VISUALFORCE,FINER;WAVE,INFO;WORKFLOW,INFO
23:13:46.2 (2707922)|USER_INFO|[EXTERNAL]|0052w000002vVGl|rahul.das@curious-wolf-5cvo28.com|(GMT-07:00) Pacific Daylight Time (America/Los_Angeles)|GMT-07:00
23:13:46.2 (2923414)|EXECUTION_STARTED
23:13:46.2 (2934803)|CODE_UNIT_STARTED|[EXTERNAL]|01p2w00000AHKiU|AccountSearchControllerTest.makeData()
23:13:46.2 (4532477)|HEAP_ALLOCATE|[79]|Bytes:3
23:13:46.2 (4635267)|HEAP_ALLOCATE|[84]|Bytes:152
23:13:46.2 (4665411)|HEAP_ALLOCATE|[399]|Bytes:408
23:13:46.2 (4697086)|HEAP_ALLOCATE|[412]|Bytes:408
23:13:46.2 (4726073)|HEAP_ALLOCATE|[520]|Bytes:48
23:13:46.2 (4770871)|HEAP_ALLOCATE|[139]|Bytes:6
23:13:46.2 (4797972)|HEAP_ALLOCATE|[EXTERNAL]|Bytes:14
23:13:46.2 (4837124)|METHOD_ENTRY|[2]|01p2w00000AHKiU|AccountSearchControllerTest.AccountSearchControllerTest()
23:13:46.2 (4859766)|STATEMENT_EXECUTE|[2]
23:13:46.2 (4878785)|STATEMENT_EXECUTE|[2]
23:13:46.2 (4952418)|HEAP_ALLOCATE|[52]|Bytes:5
23:13:46.2 (5003564)|HEAP_ALLOCATE|[58]|Bytes:5
23:13:46.2 (5019571)|HEAP_ALLOCATE|[66]|Bytes:7
23:13:46.2 (5600102)|SYSTEM_MODE_ENTER|false
23:13:46.2 (5646013)|HEAP_ALLOCATE|[EXTERNAL]|Bytes:5
23:13:46.2 (5675077)|SYSTEM_MODE_EXIT|false
23:13:46.2 (5702159)|METHOD_EXIT|[2]|AccountSearchControllerTest
23:13:46.2 (5822721)|SYSTEM_MODE_ENTER|false
23:13:46.2 (5839239)|HEAP_ALLOCATE|[6]|Bytes:5
23:13:46.2 (5851744)|STATEMENT_EXECUTE|[4]
23:13:46.2 (5856347)|STATEMENT_EXECUTE|[6]
23:13:46.2 (5866371)|HEAP_ALLOCATE|[6]|Bytes:58
23:13:46.2 (5898795)|HEAP_ALLOCATE|[6]|Bytes:4
23:13:46.2 (7678131)|SOQL_EXECUTE_BEGIN|[6]|Aggregations:0|SELECT Id FROM Account WHERE BillingCity = 'San Francisco'
23:13:46.2 (10790543)|SOQL_EXECUTE_END|[6]|Rows:0
23:13:46.2 (10848324)|HEAP_ALLOCATE|[6]|Bytes:4
23:13:46.2 (10889308)|HEAP_ALLOCATE|[6]|Bytes:0
23:13:46.2 (11062799)|HEAP_ALLOCATE|[6]|Bytes:4
23:13:46.2 (11166049)|HEAP_ALLOCATE|[EXTERNAL]|Bytes:4
23:13:46.2 (11183172)|STATEMENT_EXECUTE|[11]
23:13:46.2 (11201355)|HEAP_ALLOCATE|[11]|Bytes:4
23:13:46.2 (11413796)|HEAP_ALLOCATE|[11]|Bytes:4
23:13:46.2 (11526011)|HEAP_ALLOCATE|[11]|Bytes:16
23:13:46.2 (11735686)|VARIABLE_ASSIGNMENT|[11]|this.Name|"Marriott Marquis"|0x4e7455c7
23:13:46.2 (11758686)|HEAP_ALLOCATE|[11]|Bytes:14
23:13:46.2 (11809357)|VARIABLE_ASSIGNMENT|[11]|this.BillingStreet|"780 Mission St"|0x4e7455c7
23:13:46.2 (11835841)|HEAP_ALLOCATE|[11]|Bytes:13
23:13:46.2 (11869113)|VARIABLE_ASSIGNMENT|[11]|this.BillingCity|"San Francisco"|0x4e7455c7
23:13:46.2 (11880982)|HEAP_ALLOCATE|[11]|Bytes:2
23:13:46.2 (11902258)|VARIABLE_ASSIGNMENT|[11]|this.BillingState|"CA"|0x4e7455c7
23:13:46.2 (11911259)|HEAP_ALLOCATE|[11]|Bytes:5
23:13:46.2 (11931977)|VARIABLE_ASSIGNMENT|[11]|this.BillingPostalCode|"94103"|0x4e7455c7
23:13:46.2 (11942644)|HEAP_ALLOCATE|[11]|Bytes:14
23:13:46.2 (11972013)|VARIABLE_ASSIGNMENT|[11]|this.Phone|"(415) 896-1600"|0x4e7455c7
23:13:46.2 (11983615)|HEAP_ALLOCATE|[11]|Bytes:16
23:13:46.2 (12008177)|VARIABLE_ASSIGNMENT|[11]|this.Website|"www.marriott.com"|0x4e7455c7
23:13:46.2 (12089911)|HEAP_ALLOCATE|[11]|Bytes:4
23:13:46.2 (12108531)|HEAP_ALLOCATE|[11]|Bytes:19
23:13:46.2 (12147386)|VARIABLE_ASSIGNMENT|[11]|this.Name|"Hilton Union Square"|0x22317533
23:13:46.2 (12164633)|HEAP_ALLOCATE|[11]|Bytes:16
23:13:46.2 (12196636)|VARIABLE_ASSIGNMENT|[11]|this.BillingStreet|"333 O Farrell St"|0x22317533
23:13:46.2 (12231801)|VARIABLE_ASSIGNMENT|[11]|this.BillingCity|"San Francisco"|0x22317533
23:13:46.2 (12267306)|VARIABLE_ASSIGNMENT|[11]|this.BillingState|"CA"|0x22317533
23:13:46.2 (12284071)|HEAP_ALLOCATE|[11]|Bytes:5
23:13:46.2 (12315699)|VARIABLE_ASSIGNMENT|[11]|this.BillingPostalCode|"94102"|0x22317533
23:13:46.2 (12328975)|HEAP_ALLOCATE|[11]|Bytes:14
23:13:46.2 (12361479)|VARIABLE_ASSIGNMENT|[11]|this.Phone|"(415) 771-1400"|0x22317533
23:13:46.2 (12377451)|HEAP_ALLOCATE|[11]|Bytes:14
23:13:46.2 (12414010)|VARIABLE_ASSIGNMENT|[11]|this.Website|"www.hilton.com"|0x22317533
23:13:46.2 (12464063)|HEAP_ALLOCATE|[11]|Bytes:4
23:13:46.2 (12476411)|HEAP_ALLOCATE|[11]|Bytes:5
23:13:46.2 (12510758)|VARIABLE_ASSIGNMENT|[11]|this.Name|"Hyatt"|0x74977a17
23:13:46.2 (12527539)|HEAP_ALLOCATE|[11]|Bytes:20
23:13:46.2 (12562722)|VARIABLE_ASSIGNMENT|[11]|this.BillingStreet|"5 Embarcadero Center"|0x74977a17
23:13:46.2 (12603154)|VARIABLE_ASSIGNMENT|[11]|this.BillingCity|"San Francisco"|0x74977a17
23:13:46.2 (12637242)|VARIABLE_ASSIGNMENT|[11]|this.BillingState|"CA"|0x74977a17
23:13:46.2 (12654840)|HEAP_ALLOCATE|[11]|Bytes:5
23:13:46.2 (12686858)|VARIABLE_ASSIGNMENT|[11]|this.BillingPostalCode|"94111"|0x74977a17
23:13:46.2 (12698347)|HEAP_ALLOCATE|[11]|Bytes:14
23:13:46.2 (12720877)|VARIABLE_ASSIGNMENT|[11]|this.Phone|"(415) 788-1234"|0x74977a17
23:13:46.2 (12731363)|HEAP_ALLOCATE|[11]|Bytes:13
23:13:46.2 (12752705)|VARIABLE_ASSIGNMENT|[11]|this.Website|"www.hyatt.com"|0x74977a17
23:13:46.2 (12803983)|VARIABLE_SCOPE_BEGIN|[11]|accounts|List<Account>|true|false
23:13:46.2 (12839054)|HEAP_ALLOCATE|[EXTERNAL]|Bytes:16
23:13:46.2 (12970834)|VARIABLE_ASSIGNMENT|[11]|accounts|[{"Name":"Marriott Marquis","BillingStreet":"780 Mission St","BillingCity":"San Francisco","BillingState":"CA","BillingPostalCode":"94103","Phone":"(415) 896-1600","Website":"www.marriott.com"},{"Name":"Hilton Union Square","BillingStreet":"333 O Farrell St","BillingCity":"San Francisco","BillingState":"CA","BillingPostalCode":"94102","Phone":"(415) 771-1400","Website":"www.hilton.com"},{"Name":"Hyatt","BillingStreet":"5 Embarcadero Center","BillingCity":"San Francisco","BillingState":"CA","BillingPostalCode":"94111","Phone":"(415) 788-1234","Website":"www.hyatt.com"}]|0x7c64fdff
23:13:46.2 (13003751)|STATEMENT_EXECUTE|[12]
23:13:46.2 (13097936)|DML_BEGIN|[12]|Op:Insert|Type:Account|Rows:3
23:13:46.2 (13167267)|HEAP_ALLOCATE|[EXTERNAL]|Bytes:16
23:13:46.2 (28342821)|CODE_UNIT_STARTED|[EXTERNAL]|Flow:Account
23:13:46.2 (29362207)|CODE_UNIT_FINISHED|Flow:Account
23:13:46.2 (73864042)|DML_END|[12]
23:13:46.2 (73966190)|HEAP_ALLOCATE|[EXTERNAL]|Bytes:16
23:13:46.2 (74005557)|SYSTEM_MODE_EXIT|false
23:13:46.74 (74065136)|CUMULATIVE_LIMIT_USAGE
23:13:46.74 (74065136)|LIMIT_USAGE_FOR_NS|(default)|
  Number of SOQL queries: 1 out of 100
  Number of query rows: 0 out of 50000
  Number of SOSL queries: 0 out of 20
  Number of DML statements: 1 out of 150
  Number of DML rows: 3 out of 10000
  Maximum CPU time: 0 out of 10000
  Maximum heap size: 0 out of 6000000
  Number of callouts: 0 out of 100
  Number of Email Invocations: 0 out of 10
  Number of future calls: 0 out of 50
  Number of queueable jobs added to the queue: 0 out of 50
  Number of Mobile Apex push calls: 0 out of 10

23:13:46.74 (74065136)|CUMULATIVE_LIMIT_USAGE_END

23:13:46.2 (74110093)|CODE_UNIT_FINISHED|AccountSearchControllerTest.makeData()
23:13:46.2 (75832638)|EXECUTION_FINISHED
23:13:46.84 (84061225)|USER_INFO|[EXTERNAL]|0052w000002vVGl|rahul.das@curious-wolf-5cvo28.com|(GMT-07:00) Pacific Daylight Time (America/Los_Angeles)|GMT-07:00
23:13:46.84 (84089724)|EXECUTION_STARTED
23:13:46.84 (84095643)|CODE_UNIT_STARTED|[EXTERNAL]|01p2w00000AHKiU|AccountSearchControllerTest.searchAccount()
23:13:46.84 (84256870)|HEAP_ALLOCATE|[79]|Bytes:3
23:13:46.84 (84304046)|HEAP_ALLOCATE|[84]|Bytes:152
23:13:46.84 (84323430)|HEAP_ALLOCATE|[399]|Bytes:408
23:13:46.84 (84342722)|HEAP_ALLOCATE|[412]|Bytes:408
23:13:46.84 (84360258)|HEAP_ALLOCATE|[520]|Bytes:48
23:13:46.84 (84390567)|HEAP_ALLOCATE|[139]|Bytes:6
23:13:46.84 (84407665)|HEAP_ALLOCATE|[EXTERNAL]|Bytes:14
23:13:46.84 (84422538)|METHOD_ENTRY|[2]|01p2w00000AHKiU|AccountSearchControllerTest.AccountSearchControllerTest()
23:13:46.84 (84432767)|STATEMENT_EXECUTE|[2]
23:13:46.84 (84440643)|STATEMENT_EXECUTE|[2]
23:13:46.84 (84921237)|SYSTEM_MODE_ENTER|false
23:13:46.84 (84977817)|HEAP_ALLOCATE|[52]|Bytes:5
23:13:46.84 (85012109)|HEAP_ALLOCATE|[58]|Bytes:5
23:13:46.84 (85025631)|HEAP_ALLOCATE|[66]|Bytes:7
23:13:46.84 (85044480)|HEAP_ALLOCATE|[EXTERNAL]|Bytes:5
23:13:46.84 (85057545)|SYSTEM_MODE_EXIT|false
23:13:46.84 (85068286)|METHOD_EXIT|[2]|AccountSearchControllerTest
23:13:46.84 (85120298)|SYSTEM_MODE_ENTER|false
23:13:46.84 (85129184)|HEAP_ALLOCATE|[17]|Bytes:5
23:13:46.84 (85137708)|STATEMENT_EXECUTE|[16]
23:13:46.84 (85141039)|STATEMENT_EXECUTE|[17]
23:13:46.84 (85145260)|HEAP_ALLOCATE|[17]|Bytes:13
23:13:46.84 (85155678)|VARIABLE_SCOPE_BEGIN|[17]|searchTerm|String|false|false
23:13:46.84 (85206101)|VARIABLE_ASSIGNMENT|[17]|searchTerm|"San Francisco"
23:13:46.84 (85214376)|STATEMENT_EXECUTE|[18]
23:13:46.84 (85282253)|HEAP_ALLOCATE|[18]|Bytes:74
23:13:46.84 (85295332)|SYSTEM_METHOD_ENTRY|[1]|Test.Test()
23:13:46.84 (85299849)|STATEMENT_EXECUTE|[1]
23:13:46.84 (85307868)|SYSTEM_METHOD_EXIT|[1]|Test
23:13:46.84 (85340056)|METHOD_ENTRY|[18]||System.Test.startTest()
23:13:46.84 (87021902)|METHOD_EXIT|[18]||System.Test.startTest()
23:13:46.84 (87043243)|STATEMENT_EXECUTE|[19]
23:13:46.84 (89013386)|HEAP_ALLOCATE|[19]|Bytes:1
23:13:46.84 (89055609)|METHOD_ENTRY|[1]|01p2w00000AGne5|AccountSearchController.AccountSearchController()
23:13:46.84 (89070449)|STATEMENT_EXECUTE|[1]
23:13:46.84 (89079716)|STATEMENT_EXECUTE|[1]
23:13:46.84 (89098965)|HEAP_ALLOCATE|[19]|Bytes:5
23:13:46.84 (89120227)|METHOD_EXIT|[1]|AccountSearchController
23:13:46.84 (89172540)|METHOD_ENTRY|[19]|01p2w00000AGne5|AccountSearchController.searchAccounts(String)
23:13:46.84 (89225254)|VARIABLE_SCOPE_BEGIN|[4]|searchTerm|String|false|false
23:13:46.84 (89259120)|VARIABLE_ASSIGNMENT|[4]|searchTerm|"San Francisco"
23:13:46.84 (89287462)|HEAP_ALLOCATE|[5]|Bytes:5
23:13:46.84 (89294869)|STATEMENT_EXECUTE|[4]
23:13:46.84 (89297663)|STATEMENT_EXECUTE|[5]
23:13:46.84 (89320819)|HEAP_ALLOCATE|[5]|Bytes:4
23:13:46.84 (89380149)|VARIABLE_SCOPE_BEGIN|[5]|accounts|List<Account>|true|false
23:13:46.84 (89397262)|HEAP_ALLOCATE|[EXTERNAL]|Bytes:4
23:13:46.84 (89416674)|VARIABLE_ASSIGNMENT|[5]|accounts|[]|0x1746bf59
23:13:46.84 (89530581)|STATEMENT_EXECUTE|[6]
23:13:46.84 (89533570)|STATEMENT_EXECUTE|[7]
23:13:46.84 (89538218)|HEAP_ALLOCATE|[7]|Bytes:157
23:13:46.84 (89561508)|HEAP_ALLOCATE|[7]|Bytes:4
23:13:46.84 (89574790)|HEAP_ALLOCATE|[7]|Bytes:7
23:13:46.84 (90410957)|SOSL_EXECUTE_BEGIN|[7]|FIND :tmpVar1 RETURNING account(Id, Name, Phone, Website, BillingStreet, BillingCity, BillingState, BillingPostalCode ORDER BY Name ASC NULLS FIRST LIMIT 10)
23:13:46.84 (102300530)|HEAP_ALLOCATE|[7]|Bytes:4
23:13:46.84 (102326420)|HEAP_ALLOCATE|[7]|Bytes:8
23:13:46.84 (102387258)|SOSL_EXECUTE_END|[7]|Rows:0
23:13:46.84 (102483877)|HEAP_ALLOCATE|[7]|Bytes:8
23:13:46.84 (102514816)|VARIABLE_SCOPE_BEGIN|[7]|searchResults|List<List<SObject>>|true|false
23:13:46.84 (102558290)|VARIABLE_ASSIGNMENT|[7]|searchResults|[[]]|0x622a881e
23:13:46.84 (102572491)|STATEMENT_EXECUTE|[12]
23:13:46.84 (102622496)|HEAP_ALLOCATE|[12]|Bytes:4
23:13:46.84 (102686434)|VARIABLE_ASSIGNMENT|[12]|accounts|[]|0x6116df79
23:13:46.84 (102698881)|STATEMENT_EXECUTE|[14]
23:13:46.84 (102719456)|METHOD_EXIT|[19]|01p2w00000AGne5|AccountSearchController.searchAccounts(String)
23:13:46.84 (102732468)|VARIABLE_SCOPE_BEGIN|[19]|accounts|List<Account>|true|false
23:13:46.84 (102750769)|VARIABLE_ASSIGNMENT|[19]|accounts|[]|0x6116df79
23:13:46.84 (102762068)|STATEMENT_EXECUTE|[20]
23:13:46.84 (102782546)|METHOD_ENTRY|[20]||System.Test.stopTest()
23:13:46.84 (103931023)|METHOD_EXIT|[20]||System.Test.stopTest()
23:13:46.84 (103951282)|STATEMENT_EXECUTE|[21]
23:13:46.84 (103964566)|HEAP_ALLOCATE|[21]|Bytes:20
23:13:46.84 (104069294)|SYSTEM_MODE_EXIT|false
23:13:46.104 (104092664)|CUMULATIVE_LIMIT_USAGE
23:13:46.104 (104092664)|LIMIT_USAGE_FOR_NS|(default)|
  Number of SOQL queries: 1 out of 100
  Number of query rows: 0 out of 50000
  Number of SOSL queries: 0 out of 20
  Number of DML statements: 1 out of 150
  Number of DML rows: 3 out of 10000
  Maximum CPU time: 0 out of 10000
  Maximum heap size: 0 out of 6000000
  Number of callouts: 0 out of 100
  Number of Email Invocations: 0 out of 10
  Number of future calls: 0 out of 50
  Number of queueable jobs added to the queue: 0 out of 50
  Number of Mobile Apex push calls: 0 out of 10

23:13:46.104 (104092664)|TESTING_LIMITS
23:13:46.104 (104092664)|LIMIT_USAGE_FOR_NS|(default)|
  Number of SOQL queries: 0 out of 100
  Number of query rows: 0 out of 50000
  Number of SOSL queries: 1 out of 20
  Number of DML statements: 0 out of 150
  Number of DML rows: 0 out of 10000
  Maximum CPU time: 0 out of 10000
  Maximum heap size: 0 out of 6000000
  Number of callouts: 0 out of 100
  Number of Email Invocations: 0 out of 10
  Number of future calls: 0 out of 50
  Number of queueable jobs added to the queue: 0 out of 50
  Number of Mobile Apex push calls: 0 out of 10

23:13:46.104 (104092664)|CUMULATIVE_LIMIT_USAGE_END

23:13:46.84 (104143391)|CODE_UNIT_FINISHED|AccountSearchControllerTest.searchAccount()
23:13:46.84 (105669450)|EXECUTION_FINISHED
